mode: set
github.com/sarita-growexx/note_with_alarm/main.go:19.13,25.16 4 0
github.com/sarita-growexx/note_with_alarm/main.go:25.16,27.3 1 0
github.com/sarita-growexx/note_with_alarm/main.go:30.2,41.12 7 0
github.com/sarita-growexx/note_with_alarm/main.go:41.12,42.7 1 0
github.com/sarita-growexx/note_with_alarm/main.go:42.7,44.18 2 0
github.com/sarita-growexx/note_with_alarm/main.go:44.18,46.5 1 0
github.com/sarita-growexx/note_with_alarm/main.go:48.4,51.31 2 0
github.com/sarita-growexx/note_with_alarm/main.go:55.2,64.30 3 0
github.com/sarita-growexx/note_with_alarm/config/database.go:11.44,20.2 5 0
github.com/sarita-growexx/note_with_alarm/config/load_env.go:18.57,26.16 6 0
github.com/sarita-growexx/note_with_alarm/config/load_env.go:26.16,28.3 1 0
github.com/sarita-growexx/note_with_alarm/config/load_env.go:30.2,31.8 2 0
github.com/sarita-growexx/note_with_alarm/helper/error.go:3.28,4.16 1 0
github.com/sarita-growexx/note_with_alarm/helper/error.go:4.16,5.13 1 0
github.com/sarita-growexx/note_with_alarm/models/note.go:15.32,17.2 1 0
github.com/sarita-growexx/note_with_alarm/controllers/note_controller.go:23.74,27.2 1 1
github.com/sarita-growexx/note_with_alarm/controllers/note_controller.go:29.62,32.50 2 1
github.com/sarita-growexx/note_with_alarm/controllers/note_controller.go:32.50,35.3 2 1
github.com/sarita-growexx/note_with_alarm/controllers/note_controller.go:37.2,37.50 1 1
github.com/sarita-growexx/note_with_alarm/controllers/note_controller.go:37.50,41.3 3 1
github.com/sarita-growexx/note_with_alarm/controllers/note_controller.go:43.2,44.16 2 1
github.com/sarita-growexx/note_with_alarm/controllers/note_controller.go:44.16,45.55 1 1
github.com/sarita-growexx/note_with_alarm/controllers/note_controller.go:45.55,48.4 2 1
github.com/sarita-growexx/note_with_alarm/controllers/note_controller.go:50.3,51.9 2 1
github.com/sarita-growexx/note_with_alarm/controllers/note_controller.go:54.2,54.91 1 1
github.com/sarita-growexx/note_with_alarm/controllers/note_controller.go:57.62,59.16 2 1
github.com/sarita-growexx/note_with_alarm/controllers/note_controller.go:59.16,62.3 2 1
github.com/sarita-growexx/note_with_alarm/controllers/note_controller.go:64.2,65.57 2 1
github.com/sarita-growexx/note_with_alarm/controllers/note_controller.go:65.57,68.3 2 0
github.com/sarita-growexx/note_with_alarm/controllers/note_controller.go:71.2,71.57 1 1
github.com/sarita-growexx/note_with_alarm/controllers/note_controller.go:71.57,74.3 2 1
github.com/sarita-growexx/note_with_alarm/controllers/note_controller.go:77.2,85.16 3 1
github.com/sarita-growexx/note_with_alarm/controllers/note_controller.go:85.16,87.55 1 1
github.com/sarita-growexx/note_with_alarm/controllers/note_controller.go:87.55,90.4 2 1
github.com/sarita-growexx/note_with_alarm/controllers/note_controller.go:93.3,94.9 2 0
github.com/sarita-growexx/note_with_alarm/controllers/note_controller.go:97.2,97.93 1 1
github.com/sarita-growexx/note_with_alarm/controllers/note_controller.go:100.62,102.16 2 1
github.com/sarita-growexx/note_with_alarm/controllers/note_controller.go:102.16,105.3 2 1
github.com/sarita-growexx/note_with_alarm/controllers/note_controller.go:107.2,108.16 2 1
github.com/sarita-growexx/note_with_alarm/controllers/note_controller.go:108.16,111.3 2 1
github.com/sarita-growexx/note_with_alarm/controllers/note_controller.go:113.2,113.72 1 1
github.com/sarita-growexx/note_with_alarm/controllers/note_controller.go:116.63,118.16 2 1
github.com/sarita-growexx/note_with_alarm/controllers/note_controller.go:118.16,121.3 2 0
github.com/sarita-growexx/note_with_alarm/controllers/note_controller.go:123.2,123.48 1 1
github.com/sarita-growexx/note_with_alarm/controllers/note_controller.go:126.63,128.16 2 1
github.com/sarita-growexx/note_with_alarm/controllers/note_controller.go:128.16,131.3 2 1
github.com/sarita-growexx/note_with_alarm/controllers/note_controller.go:133.2,134.16 2 1
github.com/sarita-growexx/note_with_alarm/controllers/note_controller.go:134.16,137.3 2 0
github.com/sarita-growexx/note_with_alarm/controllers/note_controller.go:139.2,139.46 1 1
github.com/sarita-growexx/note_with_alarm/controllers/note_controller.go:142.64,144.17 2 1
github.com/sarita-growexx/note_with_alarm/controllers/note_controller.go:144.17,147.3 2 1
github.com/sarita-growexx/note_with_alarm/controllers/note_controller.go:149.2,150.16 2 1
github.com/sarita-growexx/note_with_alarm/controllers/note_controller.go:150.16,153.3 2 0
github.com/sarita-growexx/note_with_alarm/controllers/note_controller.go:155.2,155.32 1 1
github.com/sarita-growexx/note_with_alarm/controllers/note_controller.go:158.50,162.74 2 1
github.com/sarita-growexx/note_with_alarm/controllers/note_controller.go:162.74,164.3 1 1
github.com/sarita-growexx/note_with_alarm/controllers/note_controller.go:171.2,171.12 1 1
github.com/sarita-growexx/note_with_alarm/models/note.go:15.32,17.2 1 0
github.com/sarita-growexx/note_with_alarm/router/router.go:8.74,13.5 3 0
github.com/sarita-growexx/note_with_alarm/router/router.go:13.5,15.9 2 0
github.com/sarita-growexx/note_with_alarm/router/router.go:15.9,22.10 6 0
github.com/sarita-growexx/note_with_alarm/router/router.go:25.5,25.18 1 0
github.com/sarita-growexx/note_with_alarm/models/note.go:15.32,17.2 1 0
github.com/sarita-growexx/note_with_alarm/services/note_service_impl.go:22.80,26.2 1 1
github.com/sarita-growexx/note_with_alarm/services/note_service_impl.go:28.63,42.16 2 1
github.com/sarita-growexx/note_with_alarm/services/note_service_impl.go:42.16,44.3 1 0
github.com/sarita-growexx/note_with_alarm/services/note_service_impl.go:45.2,46.16 2 1
github.com/sarita-growexx/note_with_alarm/services/note_service_impl.go:46.16,48.3 1 0
github.com/sarita-growexx/note_with_alarm/services/note_service_impl.go:50.2,56.16 5 1
github.com/sarita-growexx/note_with_alarm/services/note_service_impl.go:56.16,59.59 2 0
github.com/sarita-growexx/note_with_alarm/services/note_service_impl.go:59.59,61.4 1 0
github.com/sarita-growexx/note_with_alarm/services/note_service_impl.go:63.3,63.54 1 0
github.com/sarita-growexx/note_with_alarm/services/note_service_impl.go:67.2,69.12 2 1
github.com/sarita-growexx/note_with_alarm/services/note_service_impl.go:72.63,74.16 2 1
github.com/sarita-growexx/note_with_alarm/services/note_service_impl.go:74.16,76.3 1 0
github.com/sarita-growexx/note_with_alarm/services/note_service_impl.go:78.2,78.25 1 1
github.com/sarita-growexx/note_with_alarm/services/note_service_impl.go:78.25,80.3 1 0
github.com/sarita-growexx/note_with_alarm/services/note_service_impl.go:92.2,93.16 2 1
github.com/sarita-growexx/note_with_alarm/services/note_service_impl.go:93.16,95.3 1 0
github.com/sarita-growexx/note_with_alarm/services/note_service_impl.go:96.2,97.16 2 1
github.com/sarita-growexx/note_with_alarm/services/note_service_impl.go:97.16,99.3 1 0
github.com/sarita-growexx/note_with_alarm/services/note_service_impl.go:101.2,106.16 4 1
github.com/sarita-growexx/note_with_alarm/services/note_service_impl.go:106.16,108.3 1 0
github.com/sarita-growexx/note_with_alarm/services/note_service_impl.go:110.2,112.12 2 1
github.com/sarita-growexx/note_with_alarm/services/note_service_impl.go:115.53,117.16 2 1
github.com/sarita-growexx/note_with_alarm/services/note_service_impl.go:117.16,119.3 1 0
github.com/sarita-growexx/note_with_alarm/services/note_service_impl.go:121.2,121.12 1 1
github.com/sarita-growexx/note_with_alarm/services/note_service_impl.go:124.65,126.16 2 1
github.com/sarita-growexx/note_with_alarm/services/note_service_impl.go:126.16,128.3 1 0
github.com/sarita-growexx/note_with_alarm/services/note_service_impl.go:130.2,130.19 1 1
github.com/sarita-growexx/note_with_alarm/services/note_service_impl.go:133.70,135.16 2 1
github.com/sarita-growexx/note_with_alarm/services/note_service_impl.go:135.16,137.3 1 0
github.com/sarita-growexx/note_with_alarm/services/note_service_impl.go:139.2,139.18 1 1
github.com/sarita-growexx/note_with_alarm/services/note_service_impl.go:142.77,144.2 1 1
github.com/sarita-growexx/note_with_alarm/models/note.go:15.32,17.2 1 1
github.com/sarita-growexx/note_with_alarm/repository/note_repository_impl.go:17.52,19.2 1 1
github.com/sarita-growexx/note_with_alarm/repository/note_repository_impl.go:22.62,24.2 1 1
github.com/sarita-growexx/note_with_alarm/repository/note_repository_impl.go:27.52,29.2 1 1
github.com/sarita-growexx/note_with_alarm/repository/note_repository_impl.go:32.63,34.48 2 1
github.com/sarita-growexx/note_with_alarm/repository/note_repository_impl.go:34.48,36.3 1 0
github.com/sarita-growexx/note_with_alarm/repository/note_repository_impl.go:37.2,37.19 1 1
github.com/sarita-growexx/note_with_alarm/repository/note_repository_impl.go:41.69,45.2 3 1
github.com/sarita-growexx/note_with_alarm/repository/note_repository_impl.go:48.75,53.2 4 1
github.com/sarita-growexx/note_with_alarm/repository/note_repository_impl.go:56.62,58.2 1 1
github.com/sarita-growexx/note_with_alarm/repository/note_repository_impl.go:60.81,63.16 3 1
github.com/sarita-growexx/note_with_alarm/repository/note_repository_impl.go:63.16,65.3 1 1
github.com/sarita-growexx/note_with_alarm/repository/note_repository_impl.go:66.2,66.19 1 1
github.com/sarita-growexx/note_with_alarm/models/note.go:15.32,17.2 1 0
github.com/sarita-growexx/note_with_alarm/utils/alarm.go:15.45,16.29 1 1
github.com/sarita-growexx/note_with_alarm/utils/alarm.go:16.29,17.30 1 1
github.com/sarita-growexx/note_with_alarm/utils/alarm.go:17.30,23.31 3 1
github.com/sarita-growexx/note_with_alarm/utils/alarm.go:23.31,25.5 1 0
github.com/sarita-growexx/note_with_alarm/utils/alarm.go:27.4,39.11 6 1
github.com/sarita-growexx/note_with_alarm/utils/alarm.go:40.28,43.35 2 0
github.com/sarita-growexx/note_with_alarm/utils/alarm.go:44.41,47.35 2 1
github.com/sarita-growexx/note_with_alarm/utils/alarm.go:48.38,51.35 2 0
github.com/sarita-growexx/note_with_alarm/utils/alarm.go:52.38,55.35 2 0
github.com/sarita-growexx/note_with_alarm/utils/alarm.go:56.39,59.35 2 0
